c:\users\ryan\documents\graphcreator\graphcreator\test2\test2\debug\vc141.pdb
c:\users\ryan\documents\graphcreator\graphcreator\test2\test2\debug\vc141.idb
c:\users\ryan\documents\graphcreator\graphcreator\test2\test2\debug\abstractpos.obj
c:\users\ryan\documents\graphcreator\graphcreator\test2\test2\debug\basecontent.obj
c:\users\ryan\documents\graphcreator\graphcreator\test2\test2\debug\basegraph.obj
c:\users\ryan\documents\graphcreator\graphcreator\test2\test2\debug\circlecontrol.obj
c:\users\ryan\documents\graphcreator\graphcreator\test2\test2\debug\circlegraph.obj
c:\users\ryan\documents\graphcreator\graphcreator\test2\test2\debug\circlepos.obj
c:\users\ryan\documents\graphcreator\graphcreator\test2\test2\debug\circlepropcontent.obj
c:\users\ryan\documents\graphcreator\graphcreator\test2\test2\debug\displaycontent.obj
c:\users\ryan\documents\graphcreator\graphcreator\test2\test2\debug\graphcontrol.obj
c:\users\ryan\documents\graphcreator\graphcreator\test2\test2\debug\graphpropcontent.obj
c:\users\ryan\documents\graphcreator\graphcreator\test2\test2\debug\linecontrol.obj
c:\users\ryan\documents\graphcreator\graphcreator\test2\test2\debug\linepropcontent.obj
c:\users\ryan\documents\graphcreator\graphcreator\test2\test2\debug\main.obj
c:\users\ryan\documents\graphcreator\graphcreator\test2\test2\debug\maincontrol.obj
c:\users\ryan\documents\graphcreator\graphcreator\test2\test2\debug\point.obj
c:\users\ryan\documents\graphcreator\graphcreator\test2\test2\debug\linegraph.obj
c:\users\ryan\documents\graphcreator\graphcreator\test2\test2\debug\linepos.obj
c:\users\ryan\documents\graphcreator\graphcreator\test2\test2\debug\simpfactory.obj
c:\users\ryan\documents\graphcreator\graphcreator\test2\debug\graphcreator.ilk
c:\users\ryan\documents\graphcreator\graphcreator\test2\debug\graphcreator.exe
c:\users\ryan\documents\graphcreator\graphcreator\test2\debug\graphcreator.pdb
c:\users\ryan\documents\graphcreator\graphcreator\test2\test2\debug\graphcreator.tlog\cl.command.1.tlog
c:\users\ryan\documents\graphcreator\graphcreator\test2\test2\debug\graphcreator.tlog\cl.read.1.tlog
c:\users\ryan\documents\graphcreator\graphcreator\test2\test2\debug\graphcreator.tlog\cl.write.1.tlog
c:\users\ryan\documents\graphcreator\graphcreator\test2\test2\debug\graphcreator.tlog\link.command.1.tlog
c:\users\ryan\documents\graphcreator\graphcreator\test2\test2\debug\graphcreator.tlog\link.read.1.tlog
c:\users\ryan\documents\graphcreator\graphcreator\test2\test2\debug\graphcreator.tlog\link.write.1.tlog
